21-Dec-2023 13:39:23.718 INFO [main] org.apache.catalina.startup.VersionLoggerListener.log Server version name:   Apache Tomcat/9.0.38
21-Dec-2023 13:39:23.723 INFO [main] org.apache.catalina.startup.VersionLoggerListener.log Server built:          Sep 10 2020 08:20:30 UTC
21-Dec-2023 13:39:23.723 INFO [main] org.apache.catalina.startup.VersionLoggerListener.log Server version number: 9.0.38.0
21-Dec-2023 13:39:23.723 INFO [main] org.apache.catalina.startup.VersionLoggerListener.log OS Name:               Windows 10
21-Dec-2023 13:39:23.723 INFO [main] org.apache.catalina.startup.VersionLoggerListener.log OS Version:            10.0
21-Dec-2023 13:39:23.723 INFO [main] org.apache.catalina.startup.VersionLoggerListener.log Architecture:          amd64
21-Dec-2023 13:39:23.723 INFO [main] org.apache.catalina.startup.VersionLoggerListener.log Java Home:             C:\Program Files\Java\jdk1.8.0_261\jre
21-Dec-2023 13:39:23.723 INFO [main] org.apache.catalina.startup.VersionLoggerListener.log JVM Version:           1.8.0_261-b12
21-Dec-2023 13:39:23.724 INFO [main] org.apache.catalina.startup.VersionLoggerListener.log JVM Vendor:            Oracle Corporation
21-Dec-2023 13:39:23.724 INFO [main] org.apache.catalina.startup.VersionLoggerListener.log CATALINA_BASE:         C:\Users\upban\IdeaProjects\springmvc
21-Dec-2023 13:39:23.724 INFO [main] org.apache.catalina.startup.VersionLoggerListener.log CATALINA_HOME:         C:\Users\upban\Downloads\apache-tomcat-9.0.38-windows-x64\apache-tomcat-9.0.38
21-Dec-2023 13:39:23.727 INFO [main] org.apache.catalina.startup.VersionLoggerListener.log Command line argument: -Dcatalina.home=C:\Users\upban\Downloads\apache-tomcat-9.0.38-windows-x64\apache-tomcat-9.0.38
21-Dec-2023 13:39:23.727 INFO [main] org.apache.catalina.startup.VersionLoggerListener.log Command line argument: -Dcatalina.base=C:\Users\upban\IdeaProjects\springmvc
21-Dec-2023 13:39:23.727 INFO [main] org.apache.catalina.startup.VersionLoggerListener.log Command line argument: -Djava.io.tmpdir=C:\Users\upban\IdeaProjects\springmvc\temp
21-Dec-2023 13:39:23.727 INFO [main] org.apache.catalina.startup.VersionLoggerListener.log Command line argument: -Djava.util.logging.config.file=C:\Users\upban\IdeaProjects\springmvc\conf\logging.properties
21-Dec-2023 13:39:23.727 INFO [main] org.apache.catalina.startup.VersionLoggerListener.log Command line argument: -Djava.util.logging.manager=org.apache.juli.ClassLoaderLogManager
21-Dec-2023 13:39:23.727 INFO [main] org.apache.catalina.startup.VersionLoggerListener.log Command line argument: -javaagent:C:\Program Files\JetBrains\IntelliJ IDEA Community Edition 2023.1.4\lib\idea_rt.jar=52710:C:\Program Files\JetBrains\IntelliJ IDEA Community Edition 2023.1.4\bin
21-Dec-2023 13:39:23.727 INFO [main] org.apache.catalina.startup.VersionLoggerListener.log Command line argument: -Dfile.encoding=UTF-8
21-Dec-2023 13:39:23.735 INFO [main] org.apache.catalina.core.AprLifecycleListener.lifecycleEvent Loaded Apache Tomcat Native library [1.2.25] using APR version [1.7.0].
21-Dec-2023 13:39:23.735 INFO [main] org.apache.catalina.core.AprLifecycleListener.lifecycleEvent APR capabilities: IPv6 [true], sendfile [true], accept filters [false], random [true].
21-Dec-2023 13:39:23.735 INFO [main] org.apache.catalina.core.AprLifecycleListener.lifecycleEvent APR/OpenSSL configuration: useAprConnector [false], useOpenSSL [true]
21-Dec-2023 13:39:23.760 INFO [main] org.apache.catalina.core.AprLifecycleListener.initializeSSL OpenSSL successfully initialized [OpenSSL 1.1.1g  21 Apr 2020]
21-Dec-2023 13:39:24.441 INFO [main] org.apache.coyote.AbstractProtocol.init Initializing ProtocolHandler ["http-nio-8080"]
21-Dec-2023 13:39:24.729 INFO [main] org.apache.catalina.startup.Catalina.load Server initialization in [1334] milliseconds
21-Dec-2023 13:39:24.797 INFO [main] org.apache.catalina.core.StandardService.startInternal Starting service [Catalina]
21-Dec-2023 13:39:24.798 INFO [main] org.apache.catalina.core.StandardEngine.startInternal Starting Servlet engine: [Apache Tomcat/9.0.38]
21-Dec-2023 13:39:24.806 INFO [main] org.apache.catalina.startup.HostConfig.deployDescriptor Deploying deployment descriptor [C:\Users\upban\IdeaProjects\springmvc\conf\Catalina\localhost\springmvc.xml]
21-Dec-2023 13:39:27.163 INFO [main] org.apache.jasper.servlet.TldScanner.scanJars At least one JAR was scanned for TLDs yet contained no TLDs. Enable debug logging for this logger for a complete list of JARs that were scanned but no TLDs were found in them. Skipping unneeded JARs during scanning can improve startup time and JSP compilation time.
21-Dec-2023 13:39:28.648 INFO [main] org.apache.catalina.startup.HostConfig.deployDescriptor Deployment of deployment descriptor [C:\Users\upban\IdeaProjects\springmvc\conf\Catalina\localhost\springmvc.xml] has finished in [3,841] ms
21-Dec-2023 13:39:28.653 INFO [main] org.apache.coyote.AbstractProtocol.start Starting ProtocolHandler ["http-nio-8080"]
21-Dec-2023 13:39:28.665 INFO [main] org.apache.catalina.startup.Catalina.start Server startup in [3936] milliseconds
21-Dec-2023 13:41:12.319 INFO [Thread-4] org.apache.coyote.AbstractProtocol.pause Pausing ProtocolHandler ["http-nio-8080"]
21-Dec-2023 13:41:12.548 INFO [Thread-4] org.apache.catalina.core.StandardService.stopInternal Stopping service [Catalina]
21-Dec-2023 13:41:12.610 INFO [Thread-4] org.apache.coyote.AbstractProtocol.stop Stopping ProtocolHandler ["http-nio-8080"]
21-Dec-2023 13:41:12.661 INFO [Thread-4] org.apache.coyote.AbstractProtocol.destroy Destroying ProtocolHandler ["http-nio-8080"]
